# JRE version: OpenJDK Runtime Environment (8.0_152-b01) (build 1.8.0_152-release-1343-b01)
# Java VM: OpenJDK 64-Bit Server VM (25.152-b01 mixed mode windows-amd64 compressed oops)
Heap:
 PSYoungGen      total 84480K, used 17301K [0x00000000e0000000, 0x00000000e6e80000, 0x0000000100000000)
  eden space 71680K, 24% used [0x00000000e0000000,0x00000000e10e55a8,0x00000000e4600000)
  from space 12800K, 0% used [0x00000000e4600000,0x00000000e4600000,0x00000000e5280000)
  to   space 13824K, 0% used [0x00000000e6100000,0x00000000e6100000,0x00000000e6e80000)
 ParOldGen       total 112640K, used 32481K [0x00000000a0000000, 0x00000000a6e00000, 0x00000000e0000000)
  object space 112640K, 28% used [0x00000000a0000000,0x00000000a1fb8678,0x00000000a6e00000)
 Metaspace       used 58399K, capacity 59906K, committed 60248K, reserved 1101824K
  class space    used 7880K, capacity 8214K, committed 8320K, reserved 1048576K
GC Heap History (10 events):
Event: 43.505 GC heap before
{Heap before GC invocations=18 (full 2):
 PSYoungGen      total 55808K, used 53585K [0x00000000e0000000, 0x00000000e5080000, 0x0000000100000000)
  eden space 45568K, 100% used [0x00000000e0000000,0x00000000e2c80000,0x00000000e2c80000)
  from space 10240K, 78% used [0x00000000e2c80000,0x00000000e3454668,0x00000000e3680000)
  to   space 10752K, 0% used [0x00000000e4600000,0x00000000e4600000,0x00000000e5080000)
 ParOldGen       total 75264K, used 16750K [0x00000000a0000000, 0x00000000a4980000, 0x00000000e0000000)
  object space 75264K, 22% used [0x00000000a0000000,0x00000000a105bb20,0x00000000a4980000)
 Metaspace       used 44006K, capacity 44790K, committed 45144K, reserved 1087488K
  class space    used 5909K, capacity 6148K, committed 6272K, reserved 1048576K
Event: 43.519 GC heap after
Heap after GC invocations=18 (full 2):
 PSYoungGen      total 71168K, used 9434K [0x00000000e0000000, 0x00000000e5100000, 0x0000000100000000)
  eden space 60416K, 0% used [0x00000000e0000000,0x00000000e0000000,0x00000000e3b00000)
  from space 10752K, 87% used [0x00000000e4600000,0x00000000e4f36ae0,0x00000000e5080000)
  to   space 11264K, 0% used [0x00000000e3b00000,0x00000000e3b00000,0x00000000e4600000)
 ParOldGen       total 75264K, used 16758K [0x00000000a0000000, 0x00000000a4980000, 0x00000000e0000000)
  object space 75264K, 22% used [0x00000000a0000000,0x00000000a105db20,0x00000000a4980000)
 Metaspace       used 44006K, capacity 44790K, committed 45144K, reserved 1087488K
  class space    used 5909K, capacity 6148K, committed 6272K, reserved 1048576K
}
Event: 54.732 GC heap before
{Heap before GC invocations=19 (full 2):
 PSYoungGen      total 71168K, used 69850K [0x00000000e0000000, 0x00000000e5100000, 0x0000000100000000)
  eden space 60416K, 100% used [0x00000000e0000000,0x00000000e3b00000,0x00000000e3b00000)
  from space 10752K, 87% used [0x00000000e4600000,0x00000000e4f36ae0,0x00000000e5080000)
  to   space 11264K, 0% used [0x00000000e3b00000,0x00000000e3b00000,0x00000000e4600000)
 ParOldGen       total 75264K, used 16758K [0x00000000a0000000, 0x00000000a4980000, 0x00000000e0000000)
  object space 75264K, 22% used [0x00000000a0000000,0x00000000a105db20,0x00000000a4980000)
 Metaspace       used 50597K, capacity 51556K, committed 51800K, reserved 1093632K
  class space    used 6760K, capacity 7015K, committed 7040K, reserved 1048576K
Event: 54.748 GC heap after
Heap after GC invocations=19 (full 2):
 PSYoungGen      total 71680K, used 11239K [0x00000000e0000000, 0x00000000e5f80000, 0x0000000100000000)
  eden space 60416K, 0% used [0x00000000e0000000,0x00000000e0000000,0x00000000e3b00000)
  from space 11264K, 99% used [0x00000000e3b00000,0x00000000e45f9c50,0x00000000e4600000)
  to   space 12800K, 0% used [0x00000000e5300000,0x00000000e5300000,0x00000000e5f80000)
 ParOldGen       total 75264K, used 17561K [0x00000000a0000000, 0x00000000a4980000, 0x00000000e0000000)
  object space 75264K, 23% used [0x00000000a0000000,0x00000000a1126548,0x00000000a4980000)
 Metaspace       used 50597K, capacity 51556K, committed 51800K, reserved 1093632K
  class space    used 6760K, capacity 7015K, committed 7040K, reserved 1048576K
}
Event: 58.272 GC heap before
{Heap before GC invocations=20 (full 2):
 PSYoungGen      total 71680K, used 71655K [0x00000000e0000000, 0x00000000e5f80000, 0x0000000100000000)
  eden space 60416K, 100% used [0x00000000e0000000,0x00000000e3b00000,0x00000000e3b00000)
  from space 11264K, 99% used [0x00000000e3b00000,0x00000000e45f9c50,0x00000000e4600000)
  to   space 12800K, 0% used [0x00000000e5300000,0x00000000e5300000,0x00000000e5f80000)
 ParOldGen       total 75264K, used 17561K [0x00000000a0000000, 0x00000000a4980000, 0x00000000e0000000)
  object space 75264K, 23% used [0x00000000a0000000,0x00000000a1126548,0x00000000a4980000)
 Metaspace       used 52271K, capacity 53294K, committed 53592K, reserved 1095680K
  class space    used 6961K, capacity 7250K, committed 7296K, reserved 1048576K
Event: 58.289 GC heap after
Heap after GC invocations=20 (full 2):
 PSYoungGen      total 83968K, used 6182K [0x00000000e0000000, 0x00000000e5f00000, 0x0000000100000000)
  eden space 71680K, 0% used [0x00000000e0000000,0x00000000e0000000,0x00000000e4600000)
  from space 12288K, 50% used [0x00000000e5300000,0x00000000e5909ae0,0x00000000e5f00000)
  to   space 12800K, 0% used [0x00000000e4600000,0x00000000e4600000,0x00000000e5280000)
 ParOldGen       total 75264K, used 23932K [0x00000000a0000000, 0x00000000a4980000, 0x00000000e0000000)
  object space 75264K, 31% used [0x00000000a0000000,0x00000000a175f350,0x00000000a4980000)
 Metaspace       used 52271K, capacity 53294K, committed 53592K, reserved 1095680K
  class space    used 6961K, capacity 7250K, committed 7296K, reserved 1048576K
}
Event: 60.365 GC heap before
{Heap before GC invocations=21 (full 2):
 PSYoungGen      total 83968K, used 75738K [0x00000000e0000000, 0x00000000e5f00000, 0x0000000100000000)
  eden space 71680K, 97% used [0x00000000e0000000,0x00000000e43ed0f8,0x00000000e4600000)
  from space 12288K, 50% used [0x00000000e5300000,0x00000000e5909ae0,0x00000000e5f00000)
  to   space 12800K, 0% used [0x00000000e4600000,0x00000000e4600000,0x00000000e5280000)
 ParOldGen       total 75264K, used 23932K [0x00000000a0000000, 0x00000000a4980000, 0x00000000e0000000)
  object space 75264K, 31% used [0x00000000a0000000,0x00000000a175f350,0x00000000a4980000)
 Metaspace       used 57534K, capacity 58964K, committed 59028K, reserved 1099776K
  class space    used 7726K, capacity 8053K, committed 8064K, reserved 1048576K
Event: 60.383 GC heap after
Heap after GC invocations=21 (full 2):
 PSYoungGen      total 84480K, used 11326K [0x00000000e0000000, 0x00000000e6e80000, 0x0000000100000000)
  eden space 71680K, 0% used [0x00000000e0000000,0x00000000e0000000,0x00000000e4600000)
  from space 12800K, 88% used [0x00000000e4600000,0x00000000e510fb20,0x00000000e5280000)
  to   space 13824K, 0% used [0x00000000e6100000,0x00000000e6100000,0x00000000e6e80000)
 ParOldGen       total 75264K, used 23940K [0x00000000a0000000, 0x00000000a4980000, 0x00000000e0000000)
  object space 75264K, 31% used [0x00000000a0000000,0x00000000a1761350,0x00000000a4980000)
 Metaspace       used 57534K, capacity 58964K, committed 59028K, reserved 1099776K
  class space    used 7726K, capacity 8053K, committed 8064K, reserved 1048576K
}
Event: 60.383 GC heap before
{Heap before GC invocations=22 (full 3):
 PSYoungGen      total 84480K, used 11326K [0x00000000e0000000, 0x00000000e6e80000, 0x0000000100000000)
  eden space 71680K, 0% used [0x00000000e0000000,0x00000000e0000000,0x00000000e4600000)
  from space 12800K, 88% used [0x00000000e4600000,0x00000000e510fb20,0x00000000e5280000)
  to   space 13824K, 0% used [0x00000000e6100000,0x00000000e6100000,0x00000000e6e80000)
 ParOldGen       total 75264K, used 23940K [0x00000000a0000000, 0x00000000a4980000, 0x00000000e0000000)
  object space 75264K, 31% used [0x00000000a0000000,0x00000000a1761350,0x00000000a4980000)
 Metaspace       used 57534K, capacity 58964K, committed 59028K, reserved 1099776K
  class space    used 7726K, capacity 8053K, committed 8064K, reserved 1048576K
Event: 60.718 GC heap after
Heap after GC invocations=22 (full 3):
 PSYoungGen      total 84480K, used 0K [0x00000000e0000000, 0x00000000e6e80000, 0x0000000100000000)
  eden space 71680K, 0% used [0x00000000e0000000,0x00000000e0000000,0x00000000e4600000)
  from space 12800K, 0% used [0x00000000e4600000,0x00000000e4600000,0x00000000e5280000)
  to   space 13824K, 0% used [0x00000000e6100000,0x00000000e6100000,0x00000000e6e80000)
 ParOldGen       total 112640K, used 32481K [0x00000000a0000000, 0x00000000a6e00000, 0x00000000e0000000)
  object space 112640K, 28% used [0x00000000a0000000,0x00000000a1fb8678,0x00000000a6e00000)
 Metaspace       used 57534K, capacity 58964K, committed 59028K, reserved 1099776K
  class space    used 7726K, capacity 8053K, committed 8064K, reserved 1048576K
}

