# JRE version: OpenJDK Runtime Environment (8.0_152-b01) (build 1.8.0_152-release-1343-b01)
# Java VM: OpenJDK 64-Bit Server VM (25.152-b01 mixed mode windows-amd64 compressed oops)
Heap:
 PSYoungGen      total 384512K, used 221461K [0x00000000e0000000, 0x00000000fdd00000, 0x0000000100000000)
  eden space 305664K, 69% used [0x00000000e0000000,0x00000000ed0c5458,0x00000000f2a80000)
  from space 78848K, 9% used [0x00000000f2a80000,0x00000000f32000a0,0x00000000f7780000)
  to   space 76800K, 0% used [0x00000000f9200000,0x00000000f9200000,0x00000000fdd00000)
 ParOldGen       total 224256K, used 100102K [0x00000000a0000000, 0x00000000adb00000, 0x00000000e0000000)
  object space 224256K, 44% used [0x00000000a0000000,0x00000000a61c1b08,0x00000000adb00000)
 Metaspace       used 95496K, capacity 99304K, committed 99544K, reserved 1136640K
  class space    used 11792K, capacity 12503K, committed 12544K, reserved 1048576K
GC Heap History (10 events):
Event: 347.113 GC heap before
{Heap before GC invocations=46 (full 4):
 PSYoungGen      total 292864K, used 292838K [0x00000000e0000000, 0x00000000f9a00000, 0x0000000100000000)
  eden space 252416K, 100% used [0x00000000e0000000,0x00000000ef680000,0x00000000ef680000)
  from space 40448K, 99% used [0x00000000ef680000,0x00000000f1df9a18,0x00000000f1e00000)
  to   space 62464K, 0% used [0x00000000f5d00000,0x00000000f5d00000,0x00000000f9a00000)
 ParOldGen       total 162304K, used 110801K [0x00000000a0000000, 0x00000000a9e80000, 0x00000000e0000000)
  object space 162304K, 68% used [0x00000000a0000000,0x00000000a6c34680,0x00000000a9e80000)
 Metaspace       used 87982K, capacity 91050K, committed 91992K, reserved 1130496K
  class space    used 11075K, capacity 11682K, committed 11904K, reserved 1048576K
Event: 348.213 GC heap after
Heap after GC invocations=46 (full 4):
 PSYoungGen      total 338432K, used 62441K [0x00000000e0000000, 0x00000000fc280000, 0x0000000100000000)
  eden space 275968K, 0% used [0x00000000e0000000,0x00000000e0000000,0x00000000f0d80000)
  from space 62464K, 99% used [0x00000000f5d00000,0x00000000f99fa468,0x00000000f9a00000)
  to   space 81408K, 0% used [0x00000000f0d80000,0x00000000f0d80000,0x00000000f5d00000)
 ParOldGen       total 162304K, used 134437K [0x00000000a0000000, 0x00000000a9e80000, 0x00000000e0000000)
  object space 162304K, 82% used [0x00000000a0000000,0x00000000a83497b0,0x00000000a9e80000)
 Metaspace       used 87982K, capacity 91050K, committed 91992K, reserved 1130496K
  class space    used 11075K, capacity 11682K, committed 11904K, reserved 1048576K
}
Event: 348.364 GC heap before
{Heap before GC invocations=47 (full 5):
 PSYoungGen      total 338432K, used 62441K [0x00000000e0000000, 0x00000000fc280000, 0x0000000100000000)
  eden space 275968K, 0% used [0x00000000e0000000,0x00000000e0000000,0x00000000f0d80000)
  from space 62464K, 99% used [0x00000000f5d00000,0x00000000f99fa468,0x00000000f9a00000)
  to   space 81408K, 0% used [0x00000000f0d80000,0x00000000f0d80000,0x00000000f5d00000)
 ParOldGen       total 162304K, used 134437K [0x00000000a0000000, 0x00000000a9e80000, 0x00000000e0000000)
  object space 162304K, 82% used [0x00000000a0000000,0x00000000a83497b0,0x00000000a9e80000)
 Metaspace       used 87982K, capacity 91050K, committed 91992K, reserved 1130496K
  class space    used 11075K, capacity 11682K, committed 11904K, reserved 1048576K
Event: 352.266 GC heap after
Heap after GC invocations=47 (full 5):
 PSYoungGen      total 338432K, used 0K [0x00000000e0000000, 0x00000000fc280000, 0x0000000100000000)
  eden space 275968K, 0% used [0x00000000e0000000,0x00000000e0000000,0x00000000f0d80000)
  from space 62464K, 0% used [0x00000000f5d00000,0x00000000f5d00000,0x00000000f9a00000)
  to   space 81408K, 0% used [0x00000000f0d80000,0x00000000f0d80000,0x00000000f5d00000)
 ParOldGen       total 224256K, used 98854K [0x00000000a0000000, 0x00000000adb00000, 0x00000000e0000000)
  object space 224256K, 44% used [0x00000000a0000000,0x00000000a6089ad8,0x00000000adb00000)
 Metaspace       used 87972K, capacity 91018K, committed 91992K, reserved 1130496K
  class space    used 11072K, capacity 11676K, committed 11904K, reserved 1048576K
}
Event: 400.287 GC heap before
{Heap before GC invocations=48 (full 5):
 PSYoungGen      total 338432K, used 275968K [0x00000000e0000000, 0x00000000fc280000, 0x0000000100000000)
  eden space 275968K, 100% used [0x00000000e0000000,0x00000000f0d80000,0x00000000f0d80000)
  from space 62464K, 0% used [0x00000000f5d00000,0x00000000f5d00000,0x00000000f9a00000)
  to   space 81408K, 0% used [0x00000000f0d80000,0x00000000f0d80000,0x00000000f5d00000)
 ParOldGen       total 224256K, used 98854K [0x00000000a0000000, 0x00000000adb00000, 0x00000000e0000000)
  object space 224256K, 44% used [0x00000000a0000000,0x00000000a6089ad8,0x00000000adb00000)
 Metaspace       used 89054K, capacity 92122K, committed 93144K, reserved 1130496K
  class space    used 11224K, capacity 11822K, committed 12032K, reserved 1048576K
Event: 400.347 GC heap after
Heap after GC invocations=48 (full 5):
 PSYoungGen      total 357376K, used 3341K [0x00000000e0000000, 0x00000000fcb00000, 0x0000000100000000)
  eden space 275968K, 0% used [0x00000000e0000000,0x00000000e0000000,0x00000000f0d80000)
  from space 81408K, 4% used [0x00000000f0d80000,0x00000000f10c3770,0x00000000f5d00000)
  to   space 80896K, 0% used [0x00000000f7c00000,0x00000000f7c00000,0x00000000fcb00000)
 ParOldGen       total 224256K, used 98862K [0x00000000a0000000, 0x00000000adb00000, 0x00000000e0000000)
  object space 224256K, 44% used [0x00000000a0000000,0x00000000a608bad8,0x00000000adb00000)
 Metaspace       used 89054K, capacity 92122K, committed 93144K, reserved 1130496K
  class space    used 11224K, capacity 11822K, committed 12032K, reserved 1048576K
}
Event: 2249.247 GC heap before
{Heap before GC invocations=49 (full 5):
 PSYoungGen      total 357376K, used 279309K [0x00000000e0000000, 0x00000000fcb00000, 0x0000000100000000)
  eden space 275968K, 100% used [0x00000000e0000000,0x00000000f0d80000,0x00000000f0d80000)
  from space 81408K, 4% used [0x00000000f0d80000,0x00000000f10c3770,0x00000000f5d00000)
  to   space 80896K, 0% used [0x00000000f7c00000,0x00000000f7c00000,0x00000000fcb00000)
 ParOldGen       total 224256K, used 98862K [0x00000000a0000000, 0x00000000adb00000, 0x00000000e0000000)
  object space 224256K, 44% used [0x00000000a0000000,0x00000000a608bad8,0x00000000adb00000)
 Metaspace       used 94620K, capacity 98164K, committed 98520K, reserved 1134592K
  class space    used 11737K, capacity 12433K, committed 12544K, reserved 1048576K
Event: 2283.066 GC heap after
Heap after GC invocations=49 (full 5):
 PSYoungGen      total 379904K, used 8912K [0x00000000e0000000, 0x00000000fc480000, 0x0000000100000000)
  eden space 305664K, 0% used [0x00000000e0000000,0x00000000e0000000,0x00000000f2a80000)
  from space 74240K, 12% used [0x00000000f7c00000,0x00000000f84b41c8,0x00000000fc480000)
  to   space 78848K, 0% used [0x00000000f2a80000,0x00000000f2a80000,0x00000000f7780000)
 ParOldGen       total 224256K, used 98870K [0x00000000a0000000, 0x00000000adb00000, 0x00000000e0000000)
  object space 224256K, 44% used [0x00000000a0000000,0x00000000a608dad8,0x00000000adb00000)
 Metaspace       used 94620K, capacity 98164K, committed 98520K, reserved 1134592K
  class space    used 11737K, capacity 12433K, committed 12544K, reserved 1048576K
}
Event: 3826.175 GC heap before
{Heap before GC invocations=50 (full 5):
 PSYoungGen      total 379904K, used 313953K [0x00000000e0000000, 0x00000000fc480000, 0x0000000100000000)
  eden space 305664K, 99% used [0x00000000e0000000,0x00000000f29e4438,0x00000000f2a80000)
  from space 74240K, 12% used [0x00000000f7c00000,0x00000000f84b41c8,0x00000000fc480000)
  to   space 78848K, 0% used [0x00000000f2a80000,0x00000000f2a80000,0x00000000f7780000)
 ParOldGen       total 224256K, used 98870K [0x00000000a0000000, 0x00000000adb00000, 0x00000000e0000000)
  object space 224256K, 44% used [0x00000000a0000000,0x00000000a608dad8,0x00000000adb00000)
 Metaspace       used 95178K, capacity 98866K, committed 99032K, reserved 1136640K
  class space    used 11760K, capacity 12474K, committed 12544K, reserved 1048576K
Event: 3835.410 GC heap after
Heap after GC invocations=50 (full 5):
 PSYoungGen      total 384512K, used 7680K [0x00000000e0000000, 0x00000000fdd00000, 0x0000000100000000)
  eden space 305664K, 0% used [0x00000000e0000000,0x00000000e0000000,0x00000000f2a80000)
  from space 78848K, 9% used [0x00000000f2a80000,0x00000000f32000a0,0x00000000f7780000)
  to   space 76800K, 0% used [0x00000000f9200000,0x00000000f9200000,0x00000000fdd00000)
 ParOldGen       total 224256K, used 100102K [0x00000000a0000000, 0x00000000adb00000, 0x00000000e0000000)
  object space 224256K, 44% used [0x00000000a0000000,0x00000000a61c1b08,0x00000000adb00000)
 Metaspace       used 95178K, capacity 98866K, committed 99032K, reserved 1136640K
  class space    used 11760K, capacity 12474K, committed 12544K, reserved 1048576K
}

